This is pdfTeX, Version 3.1415926-2.5-1.40.14 (TeX Live 2013) (format=pdflatex 2013.5.30)  24 SEP 2013 02:58
entering extended mode
 restricted \write18 enabled.
 file:line:error style messages enabled.
 %&-line parsing enabled.
**Untitled.tex
(./Untitled.tex
LaTeX2e <2011/06/27>
Babel <3.9f> and hyphenation patterns for 78 languages loaded.
(/usr/local/texlive/2013/texmf-dist/tex/latex/base/article.cls
Document Class: article 2007/10/19 v1.4h Standard LaTeX document class
(/usr/local/texlive/2013/texmf-dist/tex/latex/base/size12.clo
File: size12.clo 2007/10/19 v1.4h Standard LaTeX file (size option)
)
\c@part=\count79
\c@section=\count80
\c@subsection=\count81
\c@subsubsection=\count82
\c@paragraph=\count83
\c@subparagraph=\count84
\c@figure=\count85
\c@table=\count86
\abovecaptionskip=\skip41
\belowcaptionskip=\skip42
\bibindent=\dimen102
)
(/usr/local/texlive/2013/texmf-dist/tex/latex/graphics/graphicx.sty
Package: graphicx 1999/02/16 v1.0f Enhanced LaTeX Graphics (DPC,SPQR)

(/usr/local/texlive/2013/texmf-dist/tex/latex/graphics/keyval.sty
Package: keyval 1999/03/16 v1.13 key=value parser (DPC)
\KV@toks@=\toks14
)
(/usr/local/texlive/2013/texmf-dist/tex/latex/graphics/graphics.sty
Package: graphics 2009/02/05 v1.0o Standard LaTeX Graphics (DPC,SPQR)

(/usr/local/texlive/2013/texmf-dist/tex/latex/graphics/trig.sty
Package: trig 1999/03/16 v1.09 sin cos tan (DPC)
)
(/usr/local/texlive/2013/texmf-dist/tex/latex/latexconfig/graphics.cfg
File: graphics.cfg 2010/04/23 v1.9 graphics configuration of TeX Live
)
Package graphics Info: Driver file: pdftex.def on input line 91.

(/usr/local/texlive/2013/texmf-dist/tex/latex/pdftex-def/pdftex.def
File: pdftex.def 2011/05/27 v0.06d Graphics/color for pdfTeX

(/usr/local/texlive/2013/texmf-dist/tex/generic/oberdiek/infwarerr.sty
Package: infwarerr 2010/04/08 v1.3 Providing info/warning/error messages (HO)
)
(/usr/local/texlive/2013/texmf-dist/tex/generic/oberdiek/ltxcmds.sty
Package: ltxcmds 2011/11/09 v1.22 LaTeX kernel commands for general use (HO)
)
\Gread@gobject=\count87
))
\Gin@req@height=\dimen103
\Gin@req@width=\dimen104
)
(./Untitled.aux)
\openout1 = `Untitled.aux'.

LaTeX Font Info:    Checking defaults for OML/cmm/m/it on input line 3.
LaTeX Font Info:    ... okay on input line 3.
LaTeX Font Info:    Checking defaults for T1/cmr/m/n on input line 3.
LaTeX Font Info:    ... okay on input line 3.
LaTeX Font Info:    Checking defaults for OT1/cmr/m/n on input line 3.
LaTeX Font Info:    ... okay on input line 3.
LaTeX Font Info:    Checking defaults for OMS/cmsy/m/n on input line 3.
LaTeX Font Info:    ... okay on input line 3.
LaTeX Font Info:    Checking defaults for OMX/cmex/m/n on input line 3.
LaTeX Font Info:    ... okay on input line 3.
LaTeX Font Info:    Checking defaults for U/cmr/m/n on input line 3.
LaTeX Font Info:    ... okay on input line 3.

(/usr/local/texlive/2013/texmf-dist/tex/context/base/supp-pdf.mkii
[Loading MPS to PDF converter (version 2006.09.02).]
\scratchcounter=\count88
\scratchdimen=\dimen105
\scratchbox=\box26
\nofMPsegments=\count89
\nofMParguments=\count90
\everyMPshowfont=\toks15
\MPscratchCnt=\count91
\MPscratchDim=\dimen106
\MPnumerator=\count92
\makeMPintoPDFobject=\count93
\everyMPtoPDFconversion=\toks16
) (/usr/local/texlive/2013/texmf-dist/tex/generic/oberdiek/pdftexcmds.sty
Package: pdftexcmds 2011/11/29 v0.20 Utility functions of pdfTeX for LuaTeX (HO
)

(/usr/local/texlive/2013/texmf-dist/tex/generic/oberdiek/ifluatex.sty
Package: ifluatex 2010/03/01 v1.3 Provides the ifluatex switch (HO)
Package ifluatex Info: LuaTeX not detected.
)
(/usr/local/texlive/2013/texmf-dist/tex/generic/oberdiek/ifpdf.sty
Package: ifpdf 2011/01/30 v2.3 Provides the ifpdf switch (HO)
Package ifpdf Info: pdfTeX in PDF mode is detected.
)
Package pdftexcmds Info: LuaTeX not detected.
Package pdftexcmds Info: \pdf@primitive is available.
Package pdftexcmds Info: \pdf@ifprimitive is available.
Package pdftexcmds Info: \pdfdraftmode found.
)
(/usr/local/texlive/2013/texmf-dist/tex/latex/oberdiek/epstopdf-base.sty
Package: epstopdf-base 2010/02/09 v2.5 Base part for package epstopdf

(/usr/local/texlive/2013/texmf-dist/tex/latex/oberdiek/grfext.sty
Package: grfext 2010/08/19 v1.1 Manage graphics extensions (HO)

(/usr/local/texlive/2013/texmf-dist/tex/generic/oberdiek/kvdefinekeys.sty
Package: kvdefinekeys 2011/04/07 v1.3 Define keys (HO)
))
(/usr/local/texlive/2013/texmf-dist/tex/latex/oberdiek/kvoptions.sty
Package: kvoptions 2011/06/30 v3.11 Key value format for package options (HO)

(/usr/local/texlive/2013/texmf-dist/tex/generic/oberdiek/kvsetkeys.sty
Package: kvsetkeys 2012/04/25 v1.16 Key value parser (HO)

(/usr/local/texlive/2013/texmf-dist/tex/generic/oberdiek/etexcmds.sty
Package: etexcmds 2011/02/16 v1.5 Avoid name clashes with e-TeX commands (HO)
Package etexcmds Info: Could not find \expanded.
(etexcmds)             That can mean that you are not using pdfTeX 1.50 or
(etexcmds)             that some package has redefined \expanded.
(etexcmds)             In the latter case, load this package earlier.
)))
Package grfext Info: Graphics extension search list:
(grfext)             [.png,.pdf,.jpg,.mps,.jpeg,.jbig2,.jb2,.PNG,.PDF,.JPG,.JPE
G,.JBIG2,.JB2,.eps]
(grfext)             \AppendGraphicsExtensions on input line 452.

(/usr/local/texlive/2013/texmf-dist/tex/latex/latexconfig/epstopdf-sys.cfg
File: epstopdf-sys.cfg 2010/07/13 v1.3 Configuration of (r)epstopdf for TeX Liv
e
))
Underfull \hbox (badness 10000) in paragraph at lines 4--6

 []


Underfull \hbox (badness 10000) in paragraph at lines 7--29

 []


Underfull \hbox (badness 10000) in paragraph at lines 7--29

 []


Underfull \hbox (badness 10000) in paragraph at lines 7--29

 []


Underfull \hbox (badness 10000) in paragraph at lines 7--29

 []


Underfull \hbox (badness 10000) in paragraph at lines 7--29

 []

<house.png, id=1, 562.1pt x 420.57124pt>
File: house.png Graphic file (type png)
 <use house.png>
Package pdftex.def Info: house.png used on input line 30.
(pdftex.def)             Requested size: 281.04932pt x 210.28511pt.
LaTeX Font Info:    External font `cmex10' loaded for size
(Font)              <12> on input line 33.
LaTeX Font Info:    External font `cmex10' loaded for size
(Font)              <8> on input line 33.
LaTeX Font Info:    External font `cmex10' loaded for size
(Font)              <6> on input line 33.
 [1

{/usr/local/texlive/2013/texmf-var/fonts/map/pdftex/updmap/pdftex.map} <./house
.png (PNG copy)>]
<house1.png, id=8, 562.1pt x 420.57124pt>
File: house1.png Graphic file (type png)
 <use house1.png>
Package pdftex.def Info: house1.png used on input line 39.
(pdftex.def)             Requested size: 281.04932pt x 210.28511pt.

Overfull \hbox (3.97453pt too wide) in paragraph at lines 39--41
[][] \OT1/cmr/m/n/12 Here we get an im-
 []

<house2.png, id=9, 562.1pt x 420.57124pt>
File: house2.png Graphic file (type png)
 <use house2.png>
Package pdftex.def Info: house2.png used on input line 45.
(pdftex.def)             Requested size: 281.04932pt x 210.28511pt.

Overfull \hbox (9.20087pt too wide) in paragraph at lines 45--47
[][] \OT1/cmr/m/n/12 Sim-i-lar to the other
 []

[2 <./house1.png (PNG copy)> <./house2.png (PNG copy)>]
Overfull \hbox (74.90729pt too wide) detected at line 70
\OML/cmm/m/it/12 a\OT1/cmr/m/n/12 3 = \OML/cmm/m/it/12 a\OT1/cmr/m/n/12 2[] = [
]
 []

<q2_2.png, id=14, 562.1pt x 420.57124pt>
File: q2_2.png Graphic file (type png)
 <use q2_2.png>
Package pdftex.def Info: q2_2.png used on input line 88.
(pdftex.def)             Requested size: 281.04932pt x 210.28511pt.
 [3]
<q3_1.png, id=21, 562.1pt x 420.57124pt>
File: q3_1.png Graphic file (type png)
 <use q3_1.png>
Package pdftex.def Info: q3_1.png used on input line 100.
(pdftex.def)             Requested size: 281.04932pt x 210.28511pt.
 [4 <./q2_2.png (PNG copy)> <./q3_1.png (PNG copy)>] <q3_2.png, id=25, 562.1pt 
x 420.57124pt>
File: q3_2.png Graphic file (type png)

<use q3_2.png>
Package pdftex.def Info: q3_2.png used on input line 123.
(pdftex.def)             Requested size: 281.04932pt x 210.28511pt.
 <q3_3.png, id=26, 562.1pt x 420.57124pt>
File: q3_3.png Graphic file (type png)
 <use q3_3.png>
Package pdftex.def Info: q3_3.png used on input line 141.
(pdftex.def)             Requested size: 281.04932pt x 210.28511pt.
 [5 <./q3_2.png (PNG copy)>] <building.jpg, id=30, 385.44pt x 578.16pt>
File: building.jpg Graphic file (type jpg)

<use building.jpg>
Package pdftex.def Info: building.jpg used on input line 148.
(pdftex.def)             Requested size: 192.71953pt x 289.07928pt.
 [6 <./q3_3.png (PNG copy)> <./building.jpg>]
<chandelier.png, id=34, 594.22pt x 396.48125pt>
File: chandelier.png Graphic file (type png)
 <use chandelier.png>
Package pdftex.def Info: chandelier.png used on input line 151.
(pdftex.def)             Requested size: 297.10927pt x 198.24013pt.
 [7 <./chandelier.png>] (./Untitled.aux) ) 
Here is how much of TeX's memory you used:
 1522 strings out of 493315
 21884 string characters out of 6137904
 82196 words of memory out of 5000000
 4977 multiletter control sequences out of 15000+600000
 6376 words of font info for 23 fonts, out of 8000000 for 9000
 957 hyphenation exceptions out of 8191
 37i,7n,23p,400b,127s stack positions out of 5000i,500n,10000p,200000b,80000s
</usr/local/texlive/2013/texmf-dist/f
onts/type1/public/amsfonts/cm/cmex10.pfb></usr/local/texlive/2013/texmf-dist/fo
nts/type1/public/amsfonts/cm/cmmi12.pfb></usr/local/texlive/2013/texmf-dist/fon
ts/type1/public/amsfonts/cm/cmmi8.pfb></usr/local/texlive/2013/texmf-dist/fonts
/type1/public/amsfonts/cm/cmr12.pfb></usr/local/texlive/2013/texmf-dist/fonts/t
ype1/public/amsfonts/cm/cmsy10.pfb>
Output written on Untitled.pdf (7 pages, 567507 bytes).
PDF statistics:
 59 PDF objects out of 1000 (max. 8388607)
 34 compressed objects within 1 object stream
 0 named destinations out of 1000 (max. 500000)
 46 words of extra memory for PDF output out of 10000 (max. 10000000)

